25/01/2026 22:55:15	Este registro contiene información acerca de la operación de importación de esquema en el proyecto 'BookStoreDW' del equipo 'HOME' por el usuario 'ARROYO-PC'.
25/01/2026 22:55:15	Se inició la importación del esquema de la base de datos.
25/01/2026 22:55:34	Recopilando credenciales de la base de datos
25/01/2026 22:55:34	Recopilando opciones de base de datos
25/01/2026 22:55:34	Recopilando la opción de configuración de ámbito de la base de datos genérica
25/01/2026 22:55:34	Recopilando usuarios
25/01/2026 22:55:34	Recopilando roles
25/01/2026 22:55:34	Recopilando roles de aplicación
25/01/2026 22:55:34	Recopilando pertenencias a roles
25/01/2026 22:55:34	Recopilando grupos de archivos
25/01/2026 22:55:34	Recopilando catálogos de texto completo
25/01/2026 22:55:34	Recopilando ensamblados
25/01/2026 22:55:34	Recopilando certificados
25/01/2026 22:55:34	Recopilando claves asimétricas
25/01/2026 22:55:34	Recopilando claves simétricas
25/01/2026 22:55:35	Recopilando claves simétricas cifradas
25/01/2026 22:55:35	Recopilando esquemas
25/01/2026 22:55:35	Recopilando colecciones de esquemas XML
25/01/2026 22:55:35	Recopilando tipos de datos definidos por el usuario
25/01/2026 22:55:35	Recopilando tipos definidos por el usuario
25/01/2026 22:55:35	Recopilando tipos de tabla
25/01/2026 22:55:35	Recopilando claves únicas para tipos de tabla
25/01/2026 22:55:35	Recopilando claves principales para tipos de tabla
25/01/2026 22:55:35	Recopilando índices para tipos de tablas
25/01/2026 22:55:36	Recopilando restricciones CHECK para tipos de tabla
25/01/2026 22:55:36	Recopilando restricciones DEFAULT para tipos de tabla
25/01/2026 22:55:36	Recopilando funciones de partición
25/01/2026 22:55:36	Recopilando esquemas de partición
25/01/2026 22:55:36	Recopilando funciones
25/01/2026 22:55:36	Recopilando funciones cifradas
25/01/2026 22:55:36	Recopilando agregados
25/01/2026 22:55:36	Recopilando procedimientos
25/01/2026 22:55:36	Recopilando procedimientos cifrados
25/01/2026 22:55:36	Recopilando tablas
25/01/2026 22:55:37	Recopilando claves principales
25/01/2026 22:55:37	Recopilando restricciones UNIQUE
25/01/2026 22:55:37	Recopilando claves externas
25/01/2026 22:55:38	Recopilando restricciones DEFAULT
25/01/2026 22:55:38	Recopilando restricciones CHECK
25/01/2026 22:55:38	Recopilando vistas
25/01/2026 22:55:38	Recopilando vistas cifradas
25/01/2026 22:55:38	Recopilando índices
25/01/2026 22:55:38	Recopilando estadísticas
25/01/2026 22:55:38	Recopilando listas de palabras irrelevantes de índices de texto completo
25/01/2026 22:55:38	Recopilando listas de propiedades de búsqueda
25/01/2026 22:55:38	Recopilando propiedades de búsqueda
25/01/2026 22:55:38	Recopilando índices de texto completo
25/01/2026 22:55:38	Recopilando índices de almacenamiento de columnas
25/01/2026 22:55:40	Recopilando índices espaciales
25/01/2026 22:55:40	Recopilando índices XML
25/01/2026 22:55:40	Recolección de índices JSON
25/01/2026 22:55:40	Recopilando índices XML selectivos
25/01/2026 22:55:40	Recopilando desencadenadores cifrados
25/01/2026 22:55:40	Recopilando desencadenadores
25/01/2026 22:55:40	Recopilando DDL triggers cifrados y de CLR
25/01/2026 22:55:40	Recopilando DDL triggers
25/01/2026 22:55:40	Creación de la restricción perimetral en curso
25/01/2026 22:55:40	Recopilando sinónimos
25/01/2026 22:55:40	Recopilando valores predeterminados
25/01/2026 22:55:40	Recopilando enlaces UDDT de restricción de datos
25/01/2026 22:55:40	Recopilando reglas
25/01/2026 22:55:40	Recopilando enlaces UDDT de restricción de datos
25/01/2026 22:55:40	Recopilando tipos de mensaje
25/01/2026 22:55:40	Recopilando colas
25/01/2026 22:55:40	Recopilando contratos
25/01/2026 22:55:40	Recopilando servicios
25/01/2026 22:55:40	Recopilando notificaciones de eventos
25/01/2026 22:55:40	Recopilando enlaces de servicio remoto
25/01/2026 22:55:40	Recopilando prioridades de Broker
25/01/2026 22:55:40	Recopilando firmas
25/01/2026 22:55:40	Recopilando opciones de compresión
25/01/2026 22:55:40	Recopilando tipos de secuencia
25/01/2026 22:55:40	Recopilando directivas de seguridad
25/01/2026 22:55:40	Recopilar claves de cifrado de columna
25/01/2026 22:55:40	Recopilando claves maestras de columna
25/01/2026 22:55:40	Recopilando orígenes de datos externos
25/01/2026 22:55:40	Recopilando formatos de archivo externos
25/01/2026 22:55:40	Recopilando modelos externos
25/01/2026 22:55:40	Recopilando tablas externas
25/01/2026 22:55:40	Recopilando opciones de compresión de índice XML
25/01/2026 22:55:40	Recopilando propiedades extendidas
25/01/2026 22:55:40	Recopilando ensamblados
25/01/2026 22:55:40	Recopilando credenciales
25/01/2026 22:55:40	Recopilando inicios de sesión
25/01/2026 22:55:40	Recopilando auditorías de servidor
25/01/2026 22:55:43	Buscando elementos duplicados en el proyecto
25/01/2026 22:55:43	Ha finalizado el procesamiento de los elementos duplicados
25/01/2026 22:55:44	Finalizó la importación de la base de datos.
25/01/2026 22:55:44	Se guardó un resumen de la importación en la siguiente ubicación: C:\Users\ARROYO-PC\source\repos\BookStoreBI\BookStoreDW\Registros de importación de esquemas\BookStoreDW_20260126025515.log
25/01/2026 22:55:44	Haga clic en Finalizar para continuar...
